gui_exclusion -set_force true
# Preference setting overrides
gui_create_pref_key -category {Globals} -key {load_detail_for_funcov} -value_type {bool} -value {false}

# State setting overrides
gui_state_default_create -off -ini
gui_set_state_value -category Globals -key recent_cov_databases -value /home/Yasir_Alqulayti/DV/lab6/task1/simv.vdb
gui_set_state_value -category Layout -key child_console_size_x -value 1919
gui_set_state_value -category Layout -key child_console_size_y -value 179
gui_set_state_value -category Layout -key child_covdetail_docknewline -value false
gui_set_state_value -category Layout -key child_covdetail_pos_x -value {-2}
gui_set_state_value -category Layout -key child_covdetail_pos_y -value {-15}
gui_set_state_value -category Layout -key child_covdetail_size_x -value 1599
gui_set_state_value -category Layout -key child_covdetail_size_y -value 764
gui_set_state_value -category Layout -key child_coveragetable_docknewline -value false
gui_set_state_value -category Layout -key child_coveragetable_pos_x -value {-2}
gui_set_state_value -category Layout -key child_coveragetable_pos_y -value {-15}
gui_set_state_value -category Layout -key child_coveragetable_size_x -value 1724
gui_set_state_value -category Layout -key child_coveragetable_size_y -value 764
gui_set_state_value -category Layout -key cov_main_pos_x -value 0
gui_set_state_value -category Layout -key cov_main_pos_y -value 51
gui_set_state_value -category Layout -key cov_main_size_x -value 1919
gui_set_state_value -category Layout -key cov_main_size_y -value 1079
gui_create_state_key -category Layout_CoverageTable_covtblFGroupsList -key names -value_type string -value {Group,    , ,  ,   ,Score,Covergroup,}
gui_create_state_key -category Layout_CoverageTable_covtblFGroupsList -key orders -value_type string -value 4,0,1,2,3,5,6,
gui_create_state_key -category Layout_CoverageTable_covtblFGroupsList -key widths -value_type string -value 220,0,25,0,0,125,125,
gui_create_state_key -category Layout_CoverageTable_covtblInstancesList -key names -value_type string -value {Name,    , ,  ,   ,Score,Line,Toggle,FSM,Condition,Branch,}
gui_create_state_key -category Layout_CoverageTable_covtblInstancesList -key orders -value_type string -value 4,0,1,2,3,5,6,7,8,9,10,
gui_create_state_key -category Layout_CoverageTable_covtblInstancesList -key widths -value_type string -value 220,0,25,0,0,125,125,125,125,125,125,
gui_create_state_key -category Layout_CoverageTable_covtblModulesList -key names -value_type string -value {Name,    , ,  ,   ,Score,Line,Toggle,FSM,Condition,Branch,}
gui_create_state_key -category Layout_CoverageTable_covtblModulesList -key orders -value_type string -value 4,0,1,2,3,5,6,7,8,9,10,
gui_create_state_key -category Layout_CoverageTable_covtblModulesList -key widths -value_type string -value 220,0,25,0,0,125,125,125,125,125,125,
gui_create_state_key -category Layout_CovDetail_lnListView -key names -value_type string -value Category,Coverage,
gui_create_state_key -category Layout_CovDetail_lnListView -key orders -value_type string -value 0,1,
gui_create_state_key -category Layout_CovDetail_lnListView -key widths -value_type string -value 111,125,
gui_create_state_key -category Layout_CovDetail_tglListView -key names -value_type string -value {Variable, ,  ,   ,Type,Coverage,Display,}
gui_create_state_key -category Layout_CovDetail_tglListView -key orders -value_type string -value 3,0,1,2,4,5,6,
gui_create_state_key -category Layout_CovDetail_tglListView -key widths -value_type string -value 140,25,0,0,50,125,140,
gui_create_state_key -category Layout_CovDetail_tglDetailListView -key names -value_type string -value {Variable, ,  ,   ,0->1,1->0,}
gui_create_state_key -category Layout_CovDetail_tglDetailListView -key orders -value_type string -value 3,0,1,2,4,5,
gui_create_state_key -category Layout_CovDetail_tglDetailListView -key widths -value_type string -value 140,25,0,0,50,50,
gui_create_state_key -category Layout_CovDetail_fsmListView -key names -value_type string -value {FSM, ,  ,   ,State,Transition,Sequence,}
gui_create_state_key -category Layout_CovDetail_fsmListView -key orders -value_type string -value 3,0,1,2,5,4,6,
gui_create_state_key -category Layout_CovDetail_fsmListView -key widths -value_type string -value 66,25,0,0,125,125,125,
gui_create_state_key -category Layout_CovDetail_fsmlist -key names -value_type string -value {Coverage, ,  ,   ,Transition,}
gui_create_state_key -category Layout_CovDetail_fsmlist -key orders -value_type string -value 3,0,1,2,4,
gui_create_state_key -category Layout_CovDetail_fsmlist -key widths -value_type string -value 125,25,0,0,70,
gui_create_state_key -category Layout_CovDetail_cndListView -key names -value_type string -value {Expression, ,  ,   ,ID,Coverage,Line No.,}
gui_create_state_key -category Layout_CovDetail_cndListView -key orders -value_type string -value 3,0,1,2,4,5,6,
gui_create_state_key -category Layout_CovDetail_cndListView -key widths -value_type string -value 320,25,0,0,0,125,63,
gui_create_state_key -category Layout_CovDetail_brListView -key names -value_type string -value {Name, ,  ,   ,Coverage,Line No.,}
gui_create_state_key -category Layout_CovDetail_brListView -key orders -value_type string -value 3,0,1,2,4,5,
gui_create_state_key -category Layout_CovDetail_brListView -key widths -value_type string -value 100,25,0,0,125,63,
gui_create_state_key -category Layout_CovDetail_designAssertListView -key names -value_type string -value {Assert Name,    , ,  ,   ,Attempts,Real Successes,Failures,Incompletes,Category,Severity,}
gui_create_state_key -category Layout_CovDetail_designAssertListView -key orders -value_type string -value 4,0,1,2,3,5,6,7,8,9,10,
gui_create_state_key -category Layout_CovDetail_designAssertListView -key widths -value_type string -value 110,0,25,0,0,63,106,61,82,67,62,
gui_create_state_key -category Layout_CovDetail_codeMiddleSplitter -key value1 -value_type integer -value 10
gui_create_state_key -category Layout_CovDetail_codeMiddleSplitter -key value2 -value_type integer -value 294
gui_create_state_key -category Layout_CovDetail_cndSplitter -key value1 -value_type integer -value 180
gui_create_state_key -category Layout_CovDetail_cndSplitter -key value2 -value_type integer -value 112
gui_create_state_key -category Layout_CovDetail_covGrpInsListView -key names -value_type string -value {Cover Group Item,    , ,  ,   ,Definition,Score,Goal,Weight,At Least,Per Instance,Overlap,Auto Bin Max,Print Missing,Comment,}
gui_create_state_key -category Layout_CovDetail_covGrpInsListView -key orders -value_type string -value 4,0,1,2,3,5,6,7,8,9,10,11,12,13,14,
gui_create_state_key -category Layout_CovDetail_covGrpInsListView -key widths -value_type string -value 137,0,25,0,0,68,125,30,42,50,74,0,80,76,55,
gui_create_state_key -category Layout_CovDetail_covGrpDefListView -key names -value_type string -value {Cover Group Item,    , ,  ,   ,Score,Goal,Weight,At Least,Per Instance,Overlap,Auto Bin Max,Print Missing,Comment,}
gui_create_state_key -category Layout_CovDetail_covGrpDefListView -key orders -value_type string -value 4,0,1,2,3,5,6,7,8,9,10,11,12,13,
gui_create_state_key -category Layout_CovDetail_covGrpDefListView -key widths -value_type string -value 137,0,25,0,0,125,66,78,86,110,0,116,112,91,
gui_create_state_key -category Layout_CovDetail_m_CovGrpTable -key names -value_type string -value {Bin Name,    , ,  ,   ,Status,Cross,At Least,Size,Hit Count,}
gui_create_state_key -category Layout_CovDetail_m_CovGrpTable -key orders -value_type string -value 5,0,1,2,3,4,6,7,8,9,
gui_create_state_key -category Layout_CovDetail_m_CovGrpTable -key widths -value_type string -value 187,0,25,0,0,150,0,62,40,68,
gui_create_state_key -category {Layout_CovDetail_assertion list} -key names -value_type string -value {Instance,    , ,  ,   ,Assert Name,Attempts,Real Successes,Failures,Incompletes,Category,Severity,}
gui_create_state_key -category {Layout_CovDetail_assertion list} -key orders -value_type string -value 4,0,1,2,3,5,6,7,8,9,10,11,
gui_create_state_key -category {Layout_CovDetail_assertion list} -key widths -value_type string -value 86,0,25,0,0,111,87,130,110,106,91,86,
gui_create_state_key -category Layout_CovDetail_funMiddleSplitter -key value1 -value_type integer -value 588
gui_create_state_key -category Layout_CovDetail_funMiddleSplitter -key value2 -value_type integer -value 981
gui_create_state_key -category Layout_CovDetail_splitterWithPrefVal -key value1 -value_type integer -value 414
gui_create_state_key -category Layout_CovDetail_splitterWithPrefVal -key value2 -value_type integer -value 1
gui_state_default_create -off

# Begin command logging
gui_open_cov -hier simv.vdb -testdir {} -test {simv/test} -merge MergedTest
gui_list_expand -id  CovHier.1   {/<Function Groups>}
gui_list_select -id CovHier.1 -current_item_name {/<Function Groups>/alu_test::ALU_CG} -current_item_type {Cover Group}  { {/<Function Groups>/alu_test::ALU_CG}   } -type { {Cover Group}  }
gui_list_expand -id  CovHier.1   {/<Function Groups>/alu_test::ALU_CG}
gui_list_select -id CovHier.1 -current_item_name {/<Function Groups>/alu_test::ALU_CG/top.TEST::ALU_CG} -current_item_type {Cover Group}  { {/<Function Groups>/alu_test::ALU_CG}  {/<Function Groups>/alu_test::ALU_CG/top.TEST::ALU_CG}   } -type { {Cover Group} {Cover Group}  }
gui_list_action -id  CovHier.1 {/<Function Groups>/alu_test::ALU_CG/top.TEST::ALU_CG}  -type {Cover Group}
gui_list_select -id CovDetail.1 -list covergroup { /top.TEST::ALU_CG  top.TEST::ALU_CG.alu_ctrl_cp   } -type { {Cover Group} {Cover Group}  }
gui_open_source -id CovDetail.1  -active  top.TEST::ALU_CGMergedTest  -activate  -type {Cover Group}
gui_list_action -id  CovDetail.1 -list {covergroup} top.TEST::ALU_CG.alu_ctrl_cp  -type {Cover Group}
gui_reload_cov 
gui_list_expand -id  CovDetail.1   -list {covergroup} {/<Function Groups>/alu_test::ALU_CG}
gui_list_expand -id  CovDetail.1   -list {covergroup} {/<Function Groups>/alu_test::ALU_CG/top.TEST::ALU_CG}
